Arguments: 
  /usr/bin/node /usr/share/yarn/bin/yarn.js add cors

PATH: 
  /home/sushan/anaconda3/condabin:/home/sushan/.local/bin:/usr/local/sbin:/usr/local/bin:/usr/sbin:/usr/bin:/sbin:/bin:/usr/games:/usr/local/games:/snap/bin:/home/sushan/Android/Sdk/emulator:/home/sushan/Android/Sdk/tools:/home/sushan/Android/Sdk/tools/bin:/home/sushan/Android/Sdk/platform-tools

Yarn version: 
  1.22.4

Node version: 
  14.8.0

Platform: 
  linux x64

Trace: 
  Error: getaddrinfo EAI_AGAIN registry.yarnpkg.com
      at GetAddrInfoReqWrap.onlookup [as oncomplete] (dns.js:66:26)

npm manifest: 
  {
    "name": "server",
    "version": "1.0.0",
    "description": "",
    "main": "app.js",
    "scripts": {
      "test": "echo \"Error: no test specified\" && exit 1"
    },
    "author": "Sushan Shakya",
    "license": "ISC"
  }

yarn manifest: 
  No manifest

Lockfile: 
  No lockfile
